=== 01-pytest ===
captured: 2026-06-12T13:15:59.7135015+05:30

============================= test session starts =============================
platform win32 -- Python 3.9.12, pytest-7.4.3, pluggy-1.3.0 -- C:\Users\91978\anaconda3\python.exe
cachedir: .pytest_cache
metadata: {'Python': '3.9.12', 'Platform': 'Windows-10-10.0.26200-SP0', 'Packages': {'pytest': '7.4.3', 'pluggy': '1.3.0'}, 'Plugins': {'anyio': '4.12.1', 'html': '2.0.1', 'metadata': '3.0.0', 'ordering': '0.6', 'rerunfailures': '12.0', 'timeout': '2.4.0', 'xdist': '3.3.1', 'seleniumbase': '4.20.9'}}
rootdir: D:\dev\Masters\Travel-MLOps-Capstone\Flight Prediction
plugins: anyio-4.12.1, html-2.0.1, metadata-3.0.0, ordering-0.6, rerunfailures-12.0, timeout-2.4.0, xdist-3.3.1, seleniumbase-4.20.9
collecting ... collected 6 items

tests/test_api.py::test_health_endpoint_returns_ok PASSED                [ 16%]
tests/test_api.py::test_home_renders_form PASSED                         [ 33%]
tests/test_api.py::test_predict_endpoint_returns_price PASSED            [ 50%]
tests/test_api.py::test_predict_missing_fields_returns_400 PASSED        [ 66%]
tests/test_features.py::test_load_and_engineer_creates_date_features PASSED [ 83%]
tests/test_features.py::test_build_feature_matrix_drops_identifiers PASSED [100%]

============================== warnings summary ===============================
C:\Users\91978\anaconda3\lib\site-packages\pandas\core\computation\expressions.py:21
  C:\Users\91978\anaconda3\lib\site-packages\pandas\core\computation\expressions.py:21: UserWarning: Pandas requires version '2.8.4' or newer of 'numexpr' (version '2.8.1' currently installed).
    from pandas.core.computation.check import NUMEXPR_INSTALLED

C:\Users\91978\anaconda3\lib\site-packages\pandas\core\arrays\masked.py:60
  C:\Users\91978\anaconda3\lib\site-packages\pandas\core\arrays\masked.py:60: UserWarning: Pandas requires version '1.3.6' or newer of 'bottleneck' (version '1.3.4' currently installed).
    from pandas.core import (

C:\Users\91978\anaconda3\lib\site-packages\flask\json\__init__.py:31
  C:\Users\91978\anaconda3\lib\site-packages\flask\json\__init__.py:31: DeprecationWarning: Importing 'itsdangerous.json' is deprecated and will be removed in ItsDangerous 2.1. Use Python's 'json' module instead.
    _slash_escape = "\\/" not in _json.dumps("/")

C:\Users\91978\anaconda3\lib\site-packages\flask\json\__init__.py:61
  C:\Users\91978\anaconda3\lib\site-packages\flask\json\__init__.py:61: DeprecationWarning: Importing 'itsdangerous.json' is deprecated and will be removed in ItsDangerous 2.1. Use Python's 'json' module instead.
    class JSONEncoder(_json.JSONEncoder):

C:\Users\91978\anaconda3\lib\site-packages\flask\json\__init__.py:103
  C:\Users\91978\anaconda3\lib\site-packages\flask\json\__init__.py:103: DeprecationWarning: Importing 'itsdangerous.json' is deprecated and will be removed in ItsDangerous 2.1. Use Python's 'json' module instead.
    class JSONDecoder(_json.JSONDecoder):

tests/test_api.py::test_health_endpoint_returns_ok
tests/test_api.py::test_predict_endpoint_returns_price
tests/test_api.py::test_predict_missing_fields_returns_400
tests/test_api.py::test_predict_missing_fields_returns_400
  C:\Users\91978\anaconda3\lib\site-packages\flask\json\__init__.py:211: DeprecationWarning: Importing 'itsdangerous.json' is deprecated and will be removed in ItsDangerous 2.1. Use Python's 'json' module instead.
    rv = _json.dumps(obj, **kwargs)

-- Docs: https://docs.pytest.org/en/stable/how-to/capture-warnings.html
======================== 6 passed, 9 warnings in 4.23s ========================
